<?xml version="1.0" encoding="UTF-8"?>
<!-- Generated by org.testng.reporters.JUnitReportReporter -->
<testsuite hostname="dell" failures="0" tests="1" name="TestCases.TC_Login" time="4.771" errors="0" timestamp="24 Oct 2024 09:17:22 GMT">
  <testcase classname="TestCases.TC_Login" name="loginAdmin" time="4.771"/>
</testsuite> <!-- TestCases.TC_Login -->
