<?xml version="1.0" encoding="UTF-8"?>
<!-- Generated by org.testng.reporters.JUnitReportReporter -->
<testsuite hostname="dell" failures="0" tests="2" name="TestCases.TC1_Login" time="6.681" errors="0" timestamp="24 Oct 2024 10:02:39 GMT">
  <testcase classname="TestCases.TC1_Login" name="loginDataDriven" time="1.327"/>
  <testcase classname="TestCases.TC1_Login" name="loginDataDriven" time="5.354"/>
</testsuite> <!-- TestCases.TC1_Login -->
