<?xml version="1.0" encoding="UTF-8"?>
<!-- Generated by org.testng.reporters.JUnitReportReporter -->
<testsuite hostname="dell" failures="0" tests="1" name="TestCases.TC_Dashboard" time="4.461" errors="0" timestamp="21 Oct 2024 09:12:19 GMT">
  <testcase classname="TestCases.TC_Dashboard" name="AddEmployees" time="4.461"/>
</testsuite> <!-- TestCases.TC_Dashboard -->
