<?xml version="1.0" encoding="UTF-8"?>
<!-- Generated by org.testng.reporters.JUnitReportReporter -->
<testsuite hostname="dell" failures="0" tests="1" name="TestCases.TC_Dynamic" time="6.282" errors="0" timestamp="22 Oct 2024 09:49:24 GMT">
  <testcase classname="TestCases.TC_Dynamic" name="checkName" time="6.282"/>
</testsuite> <!-- TestCases.TC_Dynamic -->
