<?xml version="1.0" encoding="UTF-8"?>
<!-- Generated by org.testng.reporters.JUnitReportReporter -->
<testsuite hostname="dell" failures="0" tests="1" name="TestCases.TC_LeaveDetails" time="12.392" errors="0" timestamp="21 Oct 2024 09:33:01 GMT">
  <testcase classname="TestCases.TC_LeaveDetails" name="setLeaveDetails" time="12.392"/>
</testsuite> <!-- TestCases.TC_LeaveDetails -->
