<?xml version="1.0" encoding="UTF-8"?>
<!-- Generated by org.testng.reporters.JUnitReportReporter -->
<testsuite hostname="dell" failures="0" tests="1" name="TestCases.TC_Employee" time="8.831" errors="0" timestamp="18 Oct 2024 09:38:14 GMT">
  <testcase classname="TestCases.TC_Employee" name="AddEmployee" time="8.831"/>
</testsuite> <!-- TestCases.TC_Employee -->
